2026-01-10 15:46:05,414 - INFO - ============================================================
2026-01-10 15:46:05,415 - INFO - State Spending News Monitor - Starting
2026-01-10 15:46:05,415 - INFO - ============================================================
2026-01-10 15:46:05,415 - INFO - Starting state spending news monitoring...
2026-01-10 15:46:05,415 - INFO - Monitoring states: California, New York, Florida, Texas
2026-01-10 15:46:05,415 - INFO - Looking back 30 days
2026-01-10 15:46:05,415 - INFO - Checking CMS newsroom...
2026-01-10 15:46:05,423 - ERROR - Error checking CMS newsroom: HTTPSConnectionPool(host='www.cms.gov', port=443): Max retries exceeded with url: /newsroom/press-releases.rss (Caused by ProxyError('Unable to connect to proxy', OSError('Tunnel connection failed: 403 Forbidden')))
2026-01-10 15:46:05,423 - INFO - Checking Google News for CA...
2026-01-10 15:46:05,428 - ERROR - Error checking Google News for CA: HTTPSConnectionPool(host='news.google.com', port=443): Max retries exceeded with url: /rss/search?q=California+rural+health+funding+CMS&hl=en-US&gl=US&ceid=US:en (Caused by ProxyError('Unable to connect to proxy', OSError('Tunnel connection failed: 403 Forbidden')))
2026-01-10 15:46:05,428 - INFO - Checking CA health department...
2026-01-10 15:46:05,432 - ERROR - Error checking CA health department: HTTPSConnectionPool(host='www.cdph.ca.gov', port=443): Max retries exceeded with url: /Programs/OPA/Pages/New-Release-2026.aspx (Caused by ProxyError('Unable to connect to proxy', OSError('Tunnel connection failed: 403 Forbidden')))
2026-01-10 15:46:05,432 - INFO - Checking Google News for NY...
2026-01-10 15:46:05,437 - ERROR - Error checking Google News for NY: HTTPSConnectionPool(host='news.google.com', port=443): Max retries exceeded with url: /rss/search?q=New+York+rural+health+funding+CMS&hl=en-US&gl=US&ceid=US:en (Caused by ProxyError('Unable to connect to proxy', OSError('Tunnel connection failed: 403 Forbidden')))
2026-01-10 15:46:05,437 - INFO - Checking NY health department...
2026-01-10 15:46:05,441 - ERROR - Error checking NY health department: HTTPSConnectionPool(host='health.ny.gov', port=443): Max retries exceeded with url: /press/releases/ (Caused by ProxyError('Unable to connect to proxy', OSError('Tunnel connection failed: 403 Forbidden')))
2026-01-10 15:46:05,442 - INFO - Checking Google News for FL...
2026-01-10 15:46:05,446 - ERROR - Error checking Google News for FL: HTTPSConnectionPool(host='news.google.com', port=443): Max retries exceeded with url: /rss/search?q=Florida+rural+health+funding+CMS&hl=en-US&gl=US&ceid=US:en (Caused by ProxyError('Unable to connect to proxy', OSError('Tunnel connection failed: 403 Forbidden')))
2026-01-10 15:46:05,446 - INFO - Checking FL health department...
2026-01-10 15:46:05,450 - ERROR - Error checking FL health department: HTTPSConnectionPool(host='www.floridahealth.gov', port=443): Max retries exceeded with url: /newsroom/all-articles.html (Caused by ProxyError('Unable to connect to proxy', OSError('Tunnel connection failed: 403 Forbidden')))
2026-01-10 15:46:05,450 - INFO - Checking Google News for TX...
2026-01-10 15:46:05,455 - ERROR - Error checking Google News for TX: HTTPSConnectionPool(host='news.google.com', port=443): Max retries exceeded with url: /rss/search?q=Texas+rural+health+funding+CMS&hl=en-US&gl=US&ceid=US:en (Caused by ProxyError('Unable to connect to proxy', OSError('Tunnel connection failed: 403 Forbidden')))
2026-01-10 15:46:05,455 - INFO - Checking TX health department...
2026-01-10 15:46:05,459 - ERROR - Error checking TX health department: HTTPSConnectionPool(host='www.dshs.texas.gov', port=443): Max retries exceeded with url: /news-alerts (Caused by ProxyError('Unable to connect to proxy', OSError('Tunnel connection failed: 403 Forbidden')))
2026-01-10 15:46:05,460 - INFO - Found 0 relevant news items
2026-01-10 15:46:05,460 - INFO - No new findings to save
2026-01-10 15:46:05,460 - INFO - ============================================================
2026-01-10 15:46:05,460 - INFO - Monitoring complete: 0 items found
2026-01-10 15:46:05,460 - INFO - ============================================================
2026-01-10 15:58:28,871 - INFO - ============================================================
2026-01-10 15:58:28,871 - INFO - State Spending News Monitor - Starting
2026-01-10 15:58:28,871 - INFO - ============================================================
2026-01-10 15:58:28,871 - INFO - Starting state spending news monitoring...
2026-01-10 15:58:28,871 - INFO - Monitoring states: California, New York, Florida, Texas
2026-01-10 15:58:28,872 - INFO - Looking back 30 days
2026-01-10 15:58:28,872 - INFO - Checking 2 RSS sources
2026-01-10 15:58:28,872 - INFO - Checking CMS Newsroom...
2026-01-10 15:58:28,880 - ERROR - Error checking CMS Newsroom: HTTPSConnectionPool(host='www.cms.gov', port=443): Max retries exceeded with url: /newsroom/press-releases.rss (Caused by ProxyError('Unable to connect to proxy', OSError('Tunnel connection failed: 403 Forbidden')))
2026-01-10 15:58:28,881 - INFO - Checking HHS Press Releases...
2026-01-10 15:58:28,885 - ERROR - Error checking HHS Press Releases: HTTPSConnectionPool(host='www.hhs.gov', port=443): Max retries exceeded with url: /about/news/rss/press-releases.xml (Caused by ProxyError('Unable to connect to proxy', OSError('Tunnel connection failed: 403 Forbidden')))
2026-01-10 15:58:28,886 - INFO - Checking Google News for CA...
2026-01-10 15:58:28,890 - ERROR - Error checking Google News for CA: HTTPSConnectionPool(host='news.google.com', port=443): Max retries exceeded with url: /rss/search?q=California+rural+health+funding+CMS&hl=en-US&gl=US&ceid=US:en (Caused by ProxyError('Unable to connect to proxy', OSError('Tunnel connection failed: 403 Forbidden')))
2026-01-10 15:58:28,890 - INFO - Checking CA health department...
2026-01-10 15:58:28,895 - ERROR - Error checking CA health department: HTTPSConnectionPool(host='www.cdph.ca.gov', port=443): Max retries exceeded with url: /Programs/OPA/Pages/New-Release-2026.aspx (Caused by ProxyError('Unable to connect to proxy', OSError('Tunnel connection failed: 403 Forbidden')))
2026-01-10 15:58:28,895 - INFO - Checking Google News for NY...
2026-01-10 15:58:28,900 - ERROR - Error checking Google News for NY: HTTPSConnectionPool(host='news.google.com', port=443): Max retries exceeded with url: /rss/search?q=New+York+rural+health+funding+CMS&hl=en-US&gl=US&ceid=US:en (Caused by ProxyError('Unable to connect to proxy', OSError('Tunnel connection failed: 403 Forbidden')))
2026-01-10 15:58:28,900 - INFO - Checking NY health department...
2026-01-10 15:58:28,905 - ERROR - Error checking NY health department: HTTPSConnectionPool(host='health.ny.gov', port=443): Max retries exceeded with url: /press/releases/ (Caused by ProxyError('Unable to connect to proxy', OSError('Tunnel connection failed: 403 Forbidden')))
2026-01-10 15:58:28,905 - INFO - Checking Google News for FL...
2026-01-10 15:58:28,909 - ERROR - Error checking Google News for FL: HTTPSConnectionPool(host='news.google.com', port=443): Max retries exceeded with url: /rss/search?q=Florida+rural+health+funding+CMS&hl=en-US&gl=US&ceid=US:en (Caused by ProxyError('Unable to connect to proxy', OSError('Tunnel connection failed: 403 Forbidden')))
2026-01-10 15:58:28,910 - INFO - Checking FL health department...
2026-01-10 15:58:28,915 - ERROR - Error checking FL health department: HTTPSConnectionPool(host='www.floridahealth.gov', port=443): Max retries exceeded with url: /newsroom/all-articles.html (Caused by ProxyError('Unable to connect to proxy', OSError('Tunnel connection failed: 403 Forbidden')))
2026-01-10 15:58:28,915 - INFO - Checking Google News for TX...
2026-01-10 15:58:28,919 - ERROR - Error checking Google News for TX: HTTPSConnectionPool(host='news.google.com', port=443): Max retries exceeded with url: /rss/search?q=Texas+rural+health+funding+CMS&hl=en-US&gl=US&ceid=US:en (Caused by ProxyError('Unable to connect to proxy', OSError('Tunnel connection failed: 403 Forbidden')))
2026-01-10 15:58:28,919 - INFO - Checking TX health department...
2026-01-10 15:58:28,924 - ERROR - Error checking TX health department: HTTPSConnectionPool(host='www.dshs.texas.gov', port=443): Max retries exceeded with url: /news-alerts (Caused by ProxyError('Unable to connect to proxy', OSError('Tunnel connection failed: 403 Forbidden')))
2026-01-10 15:58:28,924 - INFO - Found 0 relevant news items
2026-01-10 15:58:28,924 - INFO - No new findings to save
2026-01-10 15:58:28,924 - INFO - ============================================================
2026-01-10 15:58:28,925 - INFO - Monitoring complete: 0 items found
2026-01-10 15:58:28,925 - INFO - ============================================================
